Arguments: 
  D:\Arquivos de Programas\nodejs\node.exe C:\Program Files (x86)\Yarn\bin\yarn.js upgrade

PATH: 
  C:\Python38\Scripts\;C:\Python38\;C:\Program Files (x86)\Common Files\Oracle\Java\javapath;C:\Windows\system32;C:\Windows;C:\Windows\System32\Wbem;C:\Windows\System32\WindowsPowerShell\v1.0\;C:\Windows\System32\OpenSSH\;C:\Program Files (x86)\NVIDIA Corporation\PhysX\Common;C:\WINDOWS\system32;C:\WINDOWS;C:\WINDOWS\System32\Wbem;C:\WINDOWS\System32\WindowsPowerShell\v1.0\;C:\WINDOWS\System32\OpenSSH\;C:\Program Files (x86)\Intel\Intel(R) Management Engine Components\DAL;C:\Program Files\Intel\Intel(R) Management Engine Components\DAL;D:\Arquivos de Programas\nodejs\;C:\ProgramData\chocolatey\bin;C:\Program Files (x86)\Yarn\bin\;D:\Arquivos de Programas\Git\cmd;D:\Arquivos de Programas\ArcGIS Pro\bin\Python\envs\arcgispro-py3\Scripts;D:\Arquivos de Programas\ArcGIS Pro\bin\Python\envs\arcgispro-py3;C:\Users\jbarros\AppData\Local\Microsoft\WindowsApps;C:\Users\jbarros\AppData\Roaming\npm;D:\Arquivos de Programas\Microsoft VS Code\bin;C:\Users\jbarros\AppData\Local\GitHubDesktop\bin;C:\Users\jbarros\AppData\Local\Yarn\bin

Yarn version: 
  1.22.4

Node version: 
  14.2.0

Platform: 
  win32 x64

Trace: 
  Error: https://registry.yarnpkg.com/@material-ui/icons/-/icons-4.9.1.tgz: ESOCKETTIMEDOUT
      at ClientRequest.<anonymous> (C:\Program Files (x86)\Yarn\lib\cli.js:141375:19)
      at Object.onceWrapper (events.js:421:28)
      at ClientRequest.emit (events.js:315:20)
      at TLSSocket.emitRequestTimeout (_http_client.js:761:9)
      at Object.onceWrapper (events.js:421:28)
      at TLSSocket.emit (events.js:327:22)
      at TLSSocket.Socket._onTimeout (net.js:480:8)
      at listOnTimeout (internal/timers.js:549:17)
      at processTimers (internal/timers.js:492:7)

npm manifest: 
  {
    "dependencies": {
      "@material-ui/core": "^4.9.10",
      "@material-ui/icons": "^4.9.1",
      "react-big-calendar": "^0.24.5"
    }
  }

yarn manifest: 
  No manifest

Lockfile: 
  # THIS IS AN AUTOGENERATED FILE. DO NOT EDIT THIS FILE DIRECTLY.
  # yarn lockfile v1
  
  
  "@babel/runtime@^7.1.5", "@babel/runtime@^7.3.1", "@babel/runtime@^7.4.4", "@babel/runtime@^7.4.5", "@babel/runtime@^7.5.5", "@babel/runtime@^7.6.3", "@babel/runtime@^7.8.3", "@babel/runtime@^7.8.7":
    version "7.9.2"
    resolved "https://registry.yarnpkg.com/@babel/runtime/-/runtime-7.9.2.tgz#d90df0583a3a252f09aaa619665367bae518db06"
    integrity sha512-NE2DtOdufG7R5vnfQUTehdTfNycfUANEtCa9PssN9O/xmTzP4E08UI797ixaei6hBEVL9BI/PsdJS5x7mWoB9Q==
    dependencies:
      regenerator-runtime "^0.13.4"
  
  "@emotion/hash@^0.8.0":
    version "0.8.0"
    resolved "https://registry.yarnpkg.com/@emotion/hash/-/hash-0.8.0.tgz#bbbff68978fefdbe68ccb533bc8cbe1d1afb5413"
    integrity sha512-kBJtf7PH6aWwZ6fka3zQ0p6SBYzx4fl1LoZXE2RrnYST9Xljm7WfKJrU4g/Xr3Beg72MLrp1AWNUmuYJTL7Cow==
  
  "@material-ui/core@^4.9.10":
    version "4.9.10"
    resolved "https://registry.yarnpkg.com/@material-ui/core/-/core-4.9.10.tgz#53f1d18bd274c258698b6cfdab3c4bee0edf7892"
    integrity sha512-CQuZU9Y10RkwSdxjn785kw2EPcXhv5GKauuVQufR9LlD37kjfn21Im1yvr6wsUzn81oLhEvVPz727UWC0gbqxg==
    dependencies:
      "@babel/runtime" "^7.4.4"
      "@material-ui/styles" "^4.9.10"
      "@material-ui/system" "^4.9.10"
      "@material-ui/types" "^5.0.1"
      "@material-ui/utils" "^4.9.6"
      "@types/react-transition-group" "^4.2.0"
      clsx "^1.0.4"
      hoist-non-react-statics "^3.3.2"
      popper.js "^1.16.1-lts"
      prop-types "^15.7.2"
      react-is "^16.8.0"
      react-transition-group "^4.3.0"
  
  "@material-ui/icons@^4.9.1":
    version "4.9.1"
    resolved "https://registry.yarnpkg.com/@material-ui/icons/-/icons-4.9.1.tgz#fdeadf8cb3d89208945b33dbc50c7c616d0bd665"
    integrity sha512-GBitL3oBWO0hzBhvA9KxqcowRUsA0qzwKkURyC8nppnC3fw54KPKZ+d4V1Eeg/UnDRSzDaI9nGCdel/eh9AQMg==
    dependencies:
      "@babel/runtime" "^7.4.4"
  
  "@material-ui/styles@^4.9.10":
    version "4.9.10"
    resolved "https://registry.yarnpkg.com/@material-ui/styles/-/styles-4.9.10.tgz#182ccdd0bc8525a459486499bbaebcd92b0db3ab"
    integrity sha512-EXIXlqVyFDnjXF6tj72y6ZxiSy+mHtrsCo3Srkm3XUeu3Z01aftDBy7ZSr3TQ02gXHTvDSBvegp3Le6p/tl7eA==
    dependencies:
      "@babel/runtime" "^7.4.4"
      "@emotion/hash" "^0.8.0"
      "@material-ui/types" "^5.0.1"
      "@material-ui/utils" "^4.9.6"
      clsx "^1.0.2"
      csstype "^2.5.2"
      hoist-non-react-statics "^3.3.2"
      jss "^10.0.3"
      jss-plugin-camel-case "^10.0.3"
      jss-plugin-default-unit "^10.0.3"
      jss-plugin-global "^10.0.3"
      jss-plugin-nested "^10.0.3"
      jss-plugin-props-sort "^10.0.3"
      jss-plugin-rule-value-function "^10.0.3"
      jss-plugin-vendor-prefixer "^10.0.3"
      prop-types "^15.7.2"
  
  "@material-ui/system@^4.9.10":
    version "4.9.10"
    resolved "https://registry.yarnpkg.com/@material-ui/system/-/system-4.9.10.tgz#5de6ec7bea0f222b10b45e5bd5bb8b9a7b938926"
    integrity sha512-E+t0baX2TBZk6ALm8twG6objpsxLdMM4MDm1++LMt2m7CetCAEc3aIAfDaprk4+tm5hFT1Cah5dRWk8EeIFQYw==
    dependencies:
      "@babel/runtime" "^7.4.4"
      "@material-ui/utils" "^4.9.6"
      prop-types "^15.7.2"
  
  "@material-ui/types@^5.0.1":
    version "5.0.1"
    resolved "https://registry.yarnpkg.com/@material-ui/types/-/types-5.0.1.tgz#c4954063cdc196eb327ee62c041368b1aebb6d61"
    integrity sha512-wURPSY7/3+MAtng3i26g+WKwwNE3HEeqa/trDBR5+zWKmcjO+u9t7Npu/J1r+3dmIa/OeziN9D/18IrBKvKffw==
  
  "@material-ui/utils@^4.9.6":
    version "4.9.6"
    resolved "https://registry.yarnpkg.com/@material-ui/utils/-/utils-4.9.6.tgz#5f1f9f6e4df9c8b6a263293b68c94834248ff157"
    integrity sha512-gqlBn0JPPTUZeAktn1rgMcy9Iczrr74ecx31tyZLVGdBGGzsxzM6PP6zeS7FuoLS6vG4hoZP7hWnOoHtkR0Kvw==
    dependencies:
      "@babel/runtime" "^7.4.4"
      prop-types "^15.7.2"
      react-is "^16.8.0"
  
  "@restart/hooks@^0.3.12":
    version "0.3.22"
    resolved "https://registry.yarnpkg.com/@restart/hooks/-/hooks-0.3.22.tgz#bb7e27c832bf576f56977d0a0b8b9d8ccee877b8"
    integrity sha512-tW0T3hP6emYNOc76/iC96rlu+f7JYLSVk/Wnn+7dj1gJUcw4CkQNLy16vx2mBLtVKsFMZ9miVEZXat8blruDHQ==
    dependencies:
      lodash "^4.17.15"
      lodash-es "^4.17.15"
  
  "@types/prop-types@*":
    version "15.7.3"
    resolved "https://registry.yarnpkg.com/@types/prop-types/-/prop-types-15.7.3.tgz#2ab0d5da2e5815f94b0b9d4b95d1e5f243ab2ca7"
    integrity sha512-KfRL3PuHmqQLOG+2tGpRO26Ctg+Cq1E01D2DMriKEATHgWLfeNDmq9e29Q9WIky0dQ3NPkd1mzYH8Lm936Z9qw==
  
  "@types/react-transition-group@^4.2.0":
    version "4.2.4"
    resolved "https://registry.yarnpkg.com/@types/react-transition-group/-/react-transition-group-4.2.4.tgz#c7416225987ccdb719262766c1483da8f826838d"
    integrity sha512-8DMUaDqh0S70TjkqU0DxOu80tFUiiaS9rxkWip/nb7gtvAsbqOXm02UCmR8zdcjWujgeYPiPNTVpVpKzUDotwA==
    dependencies:
      "@types/react" "*"
  
  "@types/react@*", "@types/react@^16.9.11":
    version "16.9.34"
    resolved "https://registry.yarnpkg.com/@types/react/-/react-16.9.34.tgz#f7d5e331c468f53affed17a8a4d488cd44ea9349"
    integrity sha512-8AJlYMOfPe1KGLKyHpflCg5z46n0b5DbRfqDksxBLBTUpB75ypDBAO9eCUcjNwE6LCUslwTz00yyG/X9gaVtow==
    dependencies:
      "@types/prop-types" "*"
      csstype "^2.2.0"
  
  clsx@^1.0.2, clsx@^1.0.4:
    version "1.1.0"
    resolved "https://registry.yarnpkg.com/clsx/-/clsx-1.1.0.tgz#62937c6adfea771247c34b54d320fb99624f5702"
    integrity sha512-3avwM37fSK5oP6M5rQ9CNe99lwxhXDOeSWVPAOYF6OazUTgZCMb0yWlJpmdD74REy1gkEaFiub2ULv4fq9GUhA==
  
  css-vendor@^2.0.7:
    version "2.0.8"
    resolved "https://registry.yarnpkg.com/css-vendor/-/css-vendor-2.0.8.tgz#e47f91d3bd3117d49180a3c935e62e3d9f7f449d"
    integrity sha512-x9Aq0XTInxrkuFeHKbYC7zWY8ai7qJ04Kxd9MnvbC1uO5DagxoHQjm4JvG+vCdXOoFtCjbL2XSZfxmoYa9uQVQ==
    dependencies:
      "@babel/runtime" "^7.8.3"
      is-in-browser "^1.0.2"
  
  csstype@^2.2.0, csstype@^2.5.2, csstype@^2.6.5, csstype@^2.6.7:
    version "2.6.10"
    resolved "https://registry.yarnpkg.com/csstype/-/csstype-2.6.10.tgz#e63af50e66d7c266edb6b32909cfd0aabe03928b"
    integrity sha512-D34BqZU4cIlMCY93rZHbrq9pjTAQJ3U8S8rfBqjwHxkGPThWFjzZDQpgMJY0QViLxth6ZKYiwFBo14RdN44U/w==
  
  date-arithmetic@^4.0.1:
    version "4.1.0"
    resolved "https://registry.yarnpkg.com/date-arithmetic/-/date-arithmetic-4.1.0.tgz#e5d6434e9deb71f79760a37b729e4a515e730ddf"
    integrity sha512-QWxYLR5P/6GStZcdem+V1xoto6DMadYWpMXU82ES3/RfR3Wdwr3D0+be7mgOJ+Ov0G9D5Dmb9T17sNLQYj9XOg==
  
  dom-helpers@^5.0.1, dom-helpers@^5.1.0:
    version "5.1.4"
    resolved "https://registry.yarnpkg.com/dom-helpers/-/dom-helpers-5.1.4.tgz#4609680ab5c79a45f2531441f1949b79d6587f4b"
    integrity sha512-TjMyeVUvNEnOnhzs6uAn9Ya47GmMo3qq7m+Lr/3ON0Rs5kHvb8I+SQYjLUSYn7qhEm0QjW0yrBkvz9yOrwwz1A==
    dependencies:
      "@babel/runtime" "^7.8.7"
      csstype "^2.6.7"
  
  hoist-non-react-statics@^3.3.2:
    version "3.3.2"
    resolved "https://registry.yarnpkg.com/hoist-non-react-statics/-/hoist-non-react-statics-3.3.2.tgz#ece0acaf71d62c2969c2ec59feff42a4b1a85b45"
    integrity sha512-/gGivxi8JPKWNm/W0jSmzcMPpfpPLc3dY/6GxhX2hQ9iGj3aDfklV4ET7NjKpSinLpJ5vafa9iiGIEZg10SfBw==
    dependencies:
      react-is "^16.7.0"
  
  hyphenate-style-name@^1.0.3:
    version "1.0.3"
    resolved "https://registry.yarnpkg.com/hyphenate-style-name/-/hyphenate-style-name-1.0.3.tgz#097bb7fa0b8f1a9cf0bd5c734cf95899981a9b48"
    integrity sha512-EcuixamT82oplpoJ2XU4pDtKGWQ7b00CD9f1ug9IaQ3p1bkHMiKCZ9ut9QDI6qsa6cpUuB+A/I+zLtdNK4n2DQ==
  
  invariant@^2.2.4:
    version "2.2.4"
    resolved "https://registry.yarnpkg.com/invariant/-/invariant-2.2.4.tgz#610f3c92c9359ce1db616e538008d23ff35158e6"
    integrity sha512-phJfQVBuaJM5raOpJjSfkiD6BpbCE4Ns//LaXl6wGYtUBY83nWS6Rf9tXm2e8VaK60JEjYldbPif/A2B1C2gNA==
    dependencies:
      loose-envify "^1.0.0"
  
  is-in-browser@^1.0.2, is-in-browser@^1.1.3:
    version "1.1.3"
    resolved "https://registry.yarnpkg.com/is-in-browser/-/is-in-browser-1.1.3.tgz#56ff4db683a078c6082eb95dad7dc62e1d04f835"
    integrity sha1-Vv9NtoOgeMYILrldrX3GLh0E+DU=
  
  "js-tokens@^3.0.0 || ^4.0.0":
    version "4.0.0"
    resolved "https://registry.yarnpkg.com/js-tokens/-/js-tokens-4.0.0.tgz#19203fb59991df98e3a287050d4647cdeaf32499"
    integrity sha512-RdJUflcE3cUzKiMqQgsCu06FPu9UdIJO0beYbPhHN4k6apgJtifcoCtT9bcxOpYBtpD2kCM6Sbzg4CausW/PKQ==
  
  jss-plugin-camel-case@^10.0.3:
    version "10.1.1"
    resolved "https://registry.yarnpkg.com/jss-plugin-camel-case/-/jss-plugin-camel-case-10.1.1.tgz#8e73ecc4f1d0f8dfe4dd31f6f9f2782588970e78"
    integrity sha512-MDIaw8FeD5uFz1seQBKz4pnvDLnj5vIKV5hXSVdMaAVq13xR6SVTVWkIV/keyTs5txxTvzGJ9hXoxgd1WTUlBw==
    dependencies:
      "@babel/runtime" "^7.3.1"
      hyphenate-style-name "^1.0.3"
      jss "10.1.1"
  
  jss-plugin-default-unit@^10.0.3:
    version "10.1.1"
    resolved "https://registry.yarnpkg.com/jss-plugin-default-unit/-/jss-plugin-default-unit-10.1.1.tgz#2df86016dfe73085eead843f5794e3890e9c5c47"
    integrity sha512-UkeVCA/b3QEA4k0nIKS4uWXDCNmV73WLHdh2oDGZZc3GsQtlOCuiH3EkB/qI60v2MiCq356/SYWsDXt21yjwdg==
    dependencies:
      "@babel/runtime" "^7.3.1"
      jss "10.1.1"
  
  jss-plugin-global@^10.0.3:
    version "10.1.1"
    resolved "https://registry.yarnpkg.com/jss-plugin-global/-/jss-plugin-global-10.1.1.tgz#36b0d6d9facb74dfd99590643708a89260747d14"
    integrity sha512-VBG3wRyi3Z8S4kMhm8rZV6caYBegsk+QnQZSVmrWw6GVOT/Z4FA7eyMu5SdkorDlG/HVpHh91oFN56O4R9m2VA==
    dependencies:
      "@babel/runtime" "^7.3.1"
      jss "10.1.1"
  
  jss-plugin-nested@^10.0.3:
    version "10.1.1"
    resolved "https://registry.yarnpkg.com/jss-plugin-nested/-/jss-plugin-nested-10.1.1.tgz#5c3de2b8bda344de1ebcef3a4fd30870a29a8a8c"
    integrity sha512-ozEu7ZBSVrMYxSDplPX3H82XHNQk2DQEJ9TEyo7OVTPJ1hEieqjDFiOQOxXEj9z3PMqkylnUbvWIZRDKCFYw5Q==
    dependencies:
      "@babel/runtime" "^7.3.1"
      jss "10.1.1"
      tiny-warning "^1.0.2"
  
  jss-plugin-props-sort@^10.0.3:
    version "10.1.1"
    resolved "https://registry.yarnpkg.com/jss-plugin-props-sort/-/jss-plugin-props-sort-10.1.1.tgz#34bddcbfaf9430ec8ccdf92729f03bb10caf1785"
    integrity sha512-g/joK3eTDZB4pkqpZB38257yD4LXB0X15jxtZAGbUzcKAVUHPl9Jb47Y7lYmiGsShiV4YmQRqG1p2DHMYoK91g==
    dependencies:
      "@babel/runtime" "^7.3.1"
      jss "10.1.1"
  
  jss-plugin-rule-value-function@^10.0.3:
    version "10.1.1"
    resolved "https://registry.yarnpkg.com/jss-plugin-rule-value-function/-/jss-plugin-rule-value-function-10.1.1.tgz#be00dac6fc394aaddbcef5860b9eca6224d96382"
    integrity sha512-ClV1lvJ3laU9la1CUzaDugEcwnpjPTuJ0yGy2YtcU+gG/w9HMInD5vEv7xKAz53Bk4WiJm5uLOElSEshHyhKNw==
    dependencies:
      "@babel/runtime" "^7.3.1"
      jss "10.1.1"
  
  jss-plugin-vendor-prefixer@^10.0.3:
    version "10.1.1"
    resolved "https://registry.yarnpkg.com/jss-plugin-vendor-prefixer/-/jss-plugin-vendor-prefixer-10.1.1.tgz#8348b20749f790beebab3b6a8f7075b07c2cfcfd"
    integrity sha512-09MZpQ6onQrhaVSF6GHC4iYifQ7+4YC/tAP6D4ZWeZotvCMq1mHLqNKRIaqQ2lkgANjlEot2JnVi1ktu4+L4pw==
    dependencies:
      "@babel/runtime" "^7.3.1"
      css-vendor "^2.0.7"
      jss "10.1.1"
  
  jss@10.1.1, jss@^10.0.3:
    version "10.1.1"
    resolved "https://registry.yarnpkg.com/jss/-/jss-10.1.1.tgz#450b27d53761af3e500b43130a54cdbe157ea332"
    integrity sha512-Xz3qgRUFlxbWk1czCZibUJqhVPObrZHxY3FPsjCXhDld4NOj1BgM14Ir5hVm+Qr6OLqVljjGvoMcCdXNOAbdkQ==
    dependencies:
      "@babel/runtime" "^7.3.1"
      csstype "^2.6.5"
      is-in-browser "^1.1.3"
      tiny-warning "^1.0.2"
  
  lodash-es@^4.17.11, lodash-es@^4.17.15:
    version "4.17.15"
    resolved "https://registry.yarnpkg.com/lodash-es/-/lodash-es-4.17.15.tgz#21bd96839354412f23d7a10340e5eac6ee455d78"
    integrity sha512-rlrc3yU3+JNOpZ9zj5pQtxnx2THmvRykwL4Xlxoa8I9lHBlVbbyPhgyPMioxVZ4NqyxaVVtaJnzsyOidQIhyyQ==
  
  lodash@^4.17.11, lodash@^4.17.15:
    version "4.17.15"
    resolved "https://registry.yarnpkg.com/lodash/-/lodash-4.17.15.tgz#b447f6670a0455bbfeedd11392eff330ea097548"
    integrity sha512-8xOcRHvCjnocdS5cpwXQXVzmmh5e5+saE2QGoeQmbKmRS6J3VQppPOIt0MnmE+4xlZoumy0GPG0D0MVIQbNA1A==
  
  loose-envify@^1.0.0, loose-envify@^1.4.0:
    version "1.4.0"
    resolved "https://registry.yarnpkg.com/loose-envify/-/loose-envify-1.4.0.tgz#71ee51fa7be4caec1a63839f7e682d8132d30caf"
    integrity sha512-lyuxPGr/Wfhrlem2CL/UcnUc1zcqKAImBDzukY7Y5F/yQiNdko6+fRLevlw1HgMySw7f611UIY408EtxRSoK3Q==
    dependencies:
      js-tokens "^3.0.0 || ^4.0.0"
  
  memoize-one@^5.1.1:
    version "5.1.1"
    resolved "https://registry.yarnpkg.com/memoize-one/-/memoize-one-5.1.1.tgz#047b6e3199b508eaec03504de71229b8eb1d75c0"
    integrity sha512-HKeeBpWvqiVJD57ZUAsJNm71eHTykffzcLZVYWiVfQeI1rJtuEaS7hQiEpWfVVk18donPwJEcFKIkCmPJNOhHA==
  
  object-assign@^4.1.1:
    version "4.1.1"
    resolved "https://registry.yarnpkg.com/object-assign/-/object-assign-4.1.1.tgz#2109adc7965887cfc05cbbd442cac8bfbb360863"
    integrity sha1-IQmtx5ZYh8/AXLvUQsrIv7s2CGM=
  
  popper.js@^1.15.0, popper.js@^1.16.1-lts:
    version "1.16.1"
    resolved "https://registry.yarnpkg.com/popper.js/-/popper.js-1.16.1.tgz#2a223cb3dc7b6213d740e40372be40de43e65b1b"
    integrity sha512-Wb4p1J4zyFTbM+u6WuO4XstYx4Ky9Cewe4DWrel7B0w6VVICvPwdOpotjzcf6eD8TsckVnIMNONQyPIUFOUbCQ==
  
  prop-types@^15.6.2, prop-types@^15.7.2:
    version "15.7.2"
    resolved "https://registry.yarnpkg.com/prop-types/-/prop-types-15.7.2.tgz#52c41e75b8c87e72b9d9360e0206b99dcbffa6c5"
    integrity sha512-8QQikdH7//R2vurIJSutZ1smHYTcLpRWEOlHnzcWHmBYrOGUysKwSsrC89BCiFj3CbrfJ/nXFdJepOVrY1GCHQ==
    dependencies:
      loose-envify "^1.4.0"
      object-assign "^4.1.1"
      react-is "^16.8.1"
  
  react-big-calendar@^0.24.5:
    version "0.24.5"
    resolved "https://registry.yarnpkg.com/react-big-calendar/-/react-big-calendar-0.24.5.tgz#c6b988b25967e483163e24f157b0ffd595c35d83"
    integrity sha512-ukKxDK8MFBuiooJBoxrhsUgEAIZE4kBY6A+7jtKxUwmkPCRtETcm1E3tRbJapiWmYYxghfIxcem8cBGI5iBoUg==
    dependencies:
      "@babel/runtime" "^7.1.5"
      clsx "^1.0.4"
      date-arithmetic "^4.0.1"
      dom-helpers "^5.1.0"
      invariant "^2.2.4"
      lodash "^4.17.11"
      lodash-es "^4.17.11"
      memoize-one "^5.1.1"
      prop-types "^15.6.2"
      react-overlays "^2.0.0-0"
      uncontrollable "^7.0.0"
  
  react-is@^16.7.0, react-is@^16.8.0, react-is@^16.8.1:
    version "16.13.1"
    resolved "https://registry.yarnpkg.com/react-is/-/react-is-16.13.1.tgz#789729a4dc36de2999dc156dd6c1d9c18cea56a4"
    integrity sha512-24e6ynE2H+OKt4kqsOvNd8kBpV65zoxbA4BVsEOB3ARVWQki/DHzaUoC5KuON/BiccDaCCTZBuOcfZs70kR8bQ==
  
  react-lifecycles-compat@^3.0.4:
    version "3.0.4"
    resolved "https://registry.yarnpkg.com/react-lifecycles-compat/-/react-lifecycles-compat-3.0.4.tgz#4f1a273afdfc8f3488a8c516bfda78f872352362"
    integrity sha512-fBASbA6LnOU9dOU2eW7aQ8xmYBSXUIWr+UmF9b1efZBazGNO+rcXT/icdKnYm2pTwcRylVUYwW7H1PHfLekVzA==
  
  react-overlays@^2.0.0-0:
    version "2.1.1"
    resolved "https://registry.yarnpkg.com/react-overlays/-/react-overlays-2.1.1.tgz#ffe2090c4a10da6b8947a1c7b1a67d0457648a0d"
    integrity sha512-gaQJwmb8Ij2IGVt4D1HmLtl4A0mDVYxlsv/8i0dHWK7Mw0kNat6ORelbbEWzaXTK1TqMeQtJw/jraL3WOADz3w==
    dependencies:
      "@babel/runtime" "^7.4.5"
      "@restart/hooks" "^0.3.12"
      dom-helpers "^5.1.0"
      popper.js "^1.15.0"
      prop-types "^15.7.2"
      uncontrollable "^7.0.0"
      warning "^4.0.3"
  
  react-transition-group@^4.3.0:
    version "4.3.0"
    resolved "https://registry.yarnpkg.com/react-transition-group/-/react-transition-group-4.3.0.tgz#fea832e386cf8796c58b61874a3319704f5ce683"
    integrity sha512-1qRV1ZuVSdxPlPf4O8t7inxUGpdyO5zG9IoNfJxSO0ImU2A1YWkEQvFPuIPZmMLkg5hYs7vv5mMOyfgSkvAwvw==
    dependencies:
      "@babel/runtime" "^7.5.5"
      dom-helpers "^5.0.1"
      loose-envify "^1.4.0"
      prop-types "^15.6.2"
  
  regenerator-runtime@^0.13.4:
    version "0.13.5"
    resolved "https://registry.yarnpkg.com/regenerator-runtime/-/regenerator-runtime-0.13.5.tgz#d878a1d094b4306d10b9096484b33ebd55e26697"
    integrity sha512-ZS5w8CpKFinUzOwW3c83oPeVXoNsrLsaCoLtJvAClH135j/R77RuymhiSErhm2lKcwSCIpmvIWSbDkIfAqKQlA==
  
  tiny-warning@^1.0.2:
    version "1.0.3"
    resolved "https://registry.yarnpkg.com/tiny-warning/-/tiny-warning-1.0.3.tgz#94a30db453df4c643d0fd566060d60a875d84754"
    integrity sha512-lBN9zLN/oAf68o3zNXYrdCt1kP8WsiGW8Oo2ka41b2IM5JL/S1CTyX1rW0mb/zSuJun0ZUrDxx4sqvYS2FWzPA==
  
  uncontrollable@^7.0.0:
    version "7.1.1"
    resolved "https://registry.yarnpkg.com/uncontrollable/-/uncontrollable-7.1.1.tgz#f67fed3ef93637126571809746323a9db815d556"
    integrity sha512-EcPYhot3uWTS3w00R32R2+vS8Vr53tttrvMj/yA1uYRhf8hbTG2GyugGqWDY0qIskxn0uTTojVd6wPYW9ZEf8Q==
    dependencies:
      "@babel/runtime" "^7.6.3"
      "@types/react" "^16.9.11"
      invariant "^2.2.4"
      react-lifecycles-compat "^3.0.4"
  
  warning@^4.0.3:
    version "4.0.3"
    resolved "https://registry.yarnpkg.com/warning/-/warning-4.0.3.tgz#16e9e077eb8a86d6af7d64aa1e05fd85b4678ca3"
    integrity sha512-rpJyN222KWIvHJ/F53XSZv0Zl/accqHR8et1kpaMTD/fLCRxtV8iX8czMzY7sVZupTI3zcUTg8eycS2kNF9l6w==
    dependencies:
      loose-envify "^1.0.0"
